<?xml version="1.0" encoding="UTF-8" ?>
<testsuite errors="0" failures="0" hostname="fractal" name="org.me.CKLib.MyMathsTest" skipped="0" tests="7" time="0.062" timestamp="2021-03-11T09:02:58">
  <properties>
    <property name="libs.spring-framework300.classpath" value="/usr/local/netbeans-12.3/netbeans/platform/modules/org-apache-commons-logging.jar:/usr/local/netbeans-12.3/netbeans/java/modules/ext/cglib-2.2.jar:/usr/local/netbeans-12.3/netbeans/java/modules/ext/spring-3.0/spring-aop-3.2.18.RELEASE.jar:/usr/local/netbeans-12.3/netbeans/java/modules/ext/spring-3.0/spring-aspects-3.2.18.RELEASE.jar:/usr/local/netbeans-12.3/netbeans/java/modules/ext/spring-3.0/spring-beans-3.2.18.RELEASE.jar:/usr/local/netbeans-12.3/netbeans/java/modules/ext/spring-3.0/spring-context-3.2.18.RELEASE.jar:/usr/local/netbeans-12.3/netbeans/java/modules/ext/spring-3.0/spring-context-support-3.2.18.RELEASE.jar:/usr/local/netbeans-12.3/netbeans/java/modules/ext/spring-3.0/spring-core-3.2.18.RELEASE.jar:/usr/local/netbeans-12.3/netbeans/java/modules/ext/spring-3.0/spring-expression-3.2.18.RELEASE.jar:/usr/local/netbeans-12.3/netbeans/java/modules/ext/spring-3.0/spring-instrument-3.2.18.RELEASE.jar:/usr/local/netbeans-12.3/netbeans/java/modules/ext/spring-3.0/spring-instrument-tomcat-3.2.18.RELEASE.jar:/usr/local/netbeans-12.3/netbeans/java/modules/ext/spring-3.0/spring-jdbc-3.2.18.RELEASE.jar:/usr/local/netbeans-12.3/netbeans/java/modules/ext/spring-3.0/spring-jms-3.2.18.RELEASE.jar:/usr/local/netbeans-12.3/netbeans/java/modules/ext/spring-3.0/spring-orm-3.2.18.RELEASE.jar:/usr/local/netbeans-12.3/netbeans/java/modules/ext/spring-3.0/spring-oxm-3.2.18.RELEASE.jar:/usr/local/netbeans-12.3/netbeans/java/modules/ext/spring-3.0/spring-struts-3.2.18.RELEASE.jar:/usr/local/netbeans-12.3/netbeans/java/modules/ext/spring-3.0/spring-test-3.2.18.RELEASE.jar:/usr/local/netbeans-12.3/netbeans/java/modules/ext/spring-3.0/spring-tx-3.2.18.RELEASE.jar:/usr/local/netbeans-12.3/netbeans/java/modules/ext/spring-3.0/spring-web-3.2.18.RELEASE.jar:/usr/local/netbeans-12.3/netbeans/java/modules/ext/spring-3.0/spring-webmvc-3.2.18.RELEASE.jar:/usr/local/netbeans-12.3/netbeans/java/modules/ext/spring-3.0/spring-webmvc-portlet-3.2.18.RELEASE.jar" />
    <property name="javac.test.classpath" value=":build/classes:/usr/local/netbeans-12.3/netbeans/platform/modules/ext/junit-4.13.1.jar:/usr/local/netbeans-12.3/netbeans/platform/modules/ext/hamcrest-core-1.3.jar" />
    <property name="java.specification.version" value="15" />
    <property name="libs.spring-framework500.classpath" value="/usr/local/netbeans-12.3/netbeans/platform/modules/org-apache-commons-logging.jar:/usr/local/netbeans-12.3/netbeans/java/modules/ext/cglib-2.2.jar:/usr/local/netbeans-12.3/netbeans/java/modules/ext/spring-5/spring-aop-5.2.9.RELEASE.jar:/usr/local/netbeans-12.3/netbeans/java/modules/ext/spring-5/spring-aspects-5.2.9.RELEASE.jar:/usr/local/netbeans-12.3/netbeans/java/modules/ext/spring-5/spring-beans-5.2.9.RELEASE.jar:/usr/local/netbeans-12.3/netbeans/java/modules/ext/spring-5/spring-context-5.2.9.RELEASE.jar:/usr/local/netbeans-12.3/netbeans/java/modules/ext/spring-5/spring-context-indexer-5.2.9.RELEASE.jar:/usr/local/netbeans-12.3/netbeans/java/modules/ext/spring-5/spring-context-support-5.2.9.RELEASE.jar:/usr/local/netbeans-12.3/netbeans/java/modules/ext/spring-5/spring-core-5.2.9.RELEASE.jar:/usr/local/netbeans-12.3/netbeans/java/modules/ext/spring-5/spring-expression-5.2.9.RELEASE.jar:/usr/local/netbeans-12.3/netbeans/java/modules/ext/spring-5/spring-instrument-5.2.9.RELEASE.jar:/usr/local/netbeans-12.3/netbeans/java/modules/ext/spring-5/spring-jcl-5.2.9.RELEASE.jar:/usr/local/netbeans-12.3/netbeans/java/modules/ext/spring-5/spring-jdbc-5.2.9.RELEASE.jar:/usr/local/netbeans-12.3/netbeans/java/modules/ext/spring-5/spring-jms-5.2.9.RELEASE.jar:/usr/local/netbeans-12.3/netbeans/java/modules/ext/spring-5/spring-messaging-5.2.9.RELEASE.jar:/usr/local/netbeans-12.3/netbeans/java/modules/ext/spring-5/spring-orm-5.2.9.RELEASE.jar:/usr/local/netbeans-12.3/netbeans/java/modules/ext/spring-5/spring-oxm-5.2.9.RELEASE.jar:/usr/local/netbeans-12.3/netbeans/java/modules/ext/spring-5/spring-test-5.2.9.RELEASE.jar:/usr/local/netbeans-12.3/netbeans/java/modules/ext/spring-5/spring-tx-5.2.9.RELEASE.jar:/usr/local/netbeans-12.3/netbeans/java/modules/ext/spring-5/spring-web-5.2.9.RELEASE.jar:/usr/local/netbeans-12.3/netbeans/java/modules/ext/spring-5/spring-webflux-5.2.9.RELEASE.jar:/usr/local/netbeans-12.3/netbeans/java/modules/ext/spring-5/spring-webmvc-5.2.9.RELEASE.jar:/usr/local/netbeans-12.3/netbeans/java/modules/ext/spring-5/spring-websocket-5.2.9.RELEASE.jar" />
    <property name="jar.index.metainf" value="false" />
    <property name="libs.spring-framework400.classpath" value="/usr/local/netbeans-12.3/netbeans/platform/modules/org-apache-commons-logging.jar:/usr/local/netbeans-12.3/netbeans/java/modules/ext/cglib-2.2.jar:/usr/local/netbeans-12.3/netbeans/java/modules/ext/spring-4/spring-aop-4.3.29.RELEASE.jar:/usr/local/netbeans-12.3/netbeans/java/modules/ext/spring-4/spring-aspects-4.3.29.RELEASE.jar:/usr/local/netbeans-12.3/netbeans/java/modules/ext/spring-4/spring-beans-4.3.29.RELEASE.jar:/usr/local/netbeans-12.3/netbeans/java/modules/ext/spring-4/spring-context-4.3.29.RELEASE.jar:/usr/local/netbeans-12.3/netbeans/java/modules/ext/spring-4/spring-context-support-4.3.29.RELEASE.jar:/usr/local/netbeans-12.3/netbeans/java/modules/ext/spring-4/spring-core-4.3.29.RELEASE.jar:/usr/local/netbeans-12.3/netbeans/java/modules/ext/spring-4/spring-expression-4.3.29.RELEASE.jar:/usr/local/netbeans-12.3/netbeans/java/modules/ext/spring-4/spring-instrument-4.3.29.RELEASE.jar:/usr/local/netbeans-12.3/netbeans/java/modules/ext/spring-4/spring-instrument-tomcat-4.3.29.RELEASE.jar:/usr/local/netbeans-12.3/netbeans/java/modules/ext/spring-4/spring-jdbc-4.3.29.RELEASE.jar:/usr/local/netbeans-12.3/netbeans/java/modules/ext/spring-4/spring-jms-4.3.29.RELEASE.jar:/usr/local/netbeans-12.3/netbeans/java/modules/ext/spring-4/spring-messaging-4.3.29.RELEASE.jar:/usr/local/netbeans-12.3/netbeans/java/modules/ext/spring-4/spring-orm-4.3.29.RELEASE.jar:/usr/local/netbeans-12.3/netbeans/java/modules/ext/spring-4/spring-oxm-4.3.29.RELEASE.jar:/usr/local/netbeans-12.3/netbeans/java/modules/ext/spring-4/spring-test-4.3.29.RELEASE.jar:/usr/local/netbeans-12.3/netbeans/java/modules/ext/spring-4/spring-tx-4.3.29.RELEASE.jar:/usr/local/netbeans-12.3/netbeans/java/modules/ext/spring-4/spring-web-4.3.29.RELEASE.jar:/usr/local/netbeans-12.3/netbeans/java/modules/ext/spring-4/spring-webmvc-4.3.29.RELEASE.jar:/usr/local/netbeans-12.3/netbeans/java/modules/ext/spring-4/spring-webmvc-portlet-4.3.29.RELEASE.jar:/usr/local/netbeans-12.3/netbeans/java/modules/ext/spring-4/spring-websocket-4.3.29.RELEASE.jar" />
    <property name="libs.spring-webmvc4.0.javadoc" value="" />
    <property name="test.binaryincludes" value="&lt;nothing&gt;" />
    <property name="do.jlink" value="false" />
    <property name="debug-transport" value="dt_socket" />
    <property name="libs.javaee-web-api-8.0.src" value="" />
    <property name="java.vendor.url" value="https://java.oracle.com/" />
    <property name="debug.modulepath" value="" />
    <property name="libs.jsp-compilation.src" value="" />
    <property name="ant.file.CKLib" value="/home/kaj/NetBeansProjects/CrosskeyCodeTest/CKLib/build.xml" />
    <property name="libs.eclipselink.javadoc" value="/usr/local/netbeans-12.3/netbeans/java/modules/ext/docs/javax.persistence-2.2.1-doc.zip" />
    <property name="libs.JWSAntTasks.javadoc" value="" />
    <property name="sun.boot.library.path" value="/usr/lib/jvm/jdk-15.0.2/lib" />
    <property name="sun.java.command" value="org.apache.tools.ant.taskdefs.optional.junit.JUnitTestRunner org.me.CKLib.MyMathsTest skipNonTests=false filtertrace=true haltOnError=false haltOnFailure=false showoutput=true outputtoformatters=true logfailedtests=true threadid=0 logtestlistenerevents=true formatter=org.apache.tools.ant.taskdefs.optional.junit.BriefJUnitResultFormatter formatter=org.apache.tools.ant.taskdefs.optional.junit.XMLJUnitResultFormatter,/home/kaj/NetBeansProjects/CrosskeyCodeTest/CKLib/build/test/results/TEST-org.me.CKLib.MyMathsTest.xml crashfile=/home/kaj/NetBeansProjects/CrosskeyCodeTest/CKLib/build/junitvmwatcher2619757765859527594.properties propsfile=/home/kaj/NetBeansProjects/CrosskeyCodeTest/CKLib/build/junit6418649304265908626.properties" />
    <property name="jdk.debug" value="release" />
    <property name="ant.file.CKLib-impl" value="/home/kaj/NetBeansProjects/CrosskeyCodeTest/CKLib/nbproject/build-impl.xml" />
    <property name="libs.spring-framework300.src" value="" />
    <property name="javadoc.use" value="true" />
    <property name="javadoc.notree" value="false" />
    <property name="basedir" value="/home/kaj/NetBeansProjects/CrosskeyCodeTest/CKLib" />
    <property name="application.vendor" value="kaj" />
    <property name="java.specification.name" value="Java Platform API Specification" />
    <property name="java.vm.specification.vendor" value="Oracle Corporation" />
    <property name="libs.jsf20.classpath" value="/usr/local/netbeans-12.3/netbeans/enterprise/modules/ext/jsf-2_2/javax.faces.jar" />
    <property name="netbeans.extbrowser.manual_chrome_plugin_install" value="yes" />
    <property name="netbeans.default_userdir_root" value="/home/kaj/.netbeans" />
    <property name="libs.spring-framework500.javadoc" value="" />
    <property name="libs.jsp-compilation-syscp.src" value="" />
    <property name="jdk.home" value="/usr/lib/jvm/jdk-15.0.2" />
    <property name="java.runtime.version" value="15.0.2+7-27" />
    <property name="libs.eclipselink.maven-pom" value="" />
    <property name="libs.metro.maven-pom" value="" />
    <property name="libs.JAXB-ENDORSED.javadoc" value="" />
    <property name="sun.java2d.noddraw" value="true" />
    <property name="sun.zip.disableMemoryMapping" value="true" />
    <property name="jnidispatch.path" value="/home/kaj/.cache/JNA/temp/jna5224653688499556156.tmp" />
    <property name="libs.jsp-compilation.javadoc" value="" />
    <property name="libs.primefaces.javadoc" value="" />
    <property name="libs.jsf12.src" value="" />
    <property name="libs.groovy-all.maven-pom" value="" />
    <property name="libs.restapi.src" value="" />
    <property name="libs.junit_5.javadoc" value="/usr/local/netbeans-12.3/netbeans/platform/docs/junit-jupiter-api-5.6.0-javadoc.jar:/usr/local/netbeans-12.3/netbeans/platform/docs/junit-jupiter-params-5.6.0-javadoc.jar:/usr/local/netbeans-12.3/netbeans/platform/docs/junit-jupiter-engine-5.6.0-javadoc.jar" />
    <property name="dist.archive.excludes" value="" />
    <property name="java.io.tmpdir" value="/tmp" />
    <property name="java.version" value="15.0.2" />
    <property name="libs.jakartaee-api-8.0.javadoc" value="/usr/local/netbeans-12.3/netbeans/enterprise/docs/jakartaee8-doc-api.jar" />
    <property name="java.vm.specification.name" value="Java Virtual Machine Specification" />
    <property name="libs.hamcrest.src" value="" />
    <property name="java.library.path" value="/usr/java/packages/lib:/usr/lib64:/lib64:/lib:/usr/lib" />
    <property name="java.vendor" value="Oracle Corporation" />
    <property name="libs.testng.javadoc" value="/usr/local/netbeans-12.3/netbeans/platform/docs/testng-6.13.1-javadoc.jar" />
    <property name="libs.groovy-all.src" value="" />
    <property name="meta.inf.dir" value="src/META-INF" />
    <property name="run.upgrademodulepath" value="" />
    <property name="compile.on.save" value="true" />
    <property name="libs.testng.maven-pom" value="" />
    <property name="jlink.additionalparam" value="" />
    <property name="org.openide.version" value="deprecated" />
    <property name="test.includes" value="org/me/CKLib/MyMathsTest.java" />
    <property name="run.classpath" value=":build/classes" />
    <property name="libs.jaxb.src" value="" />
    <property name="test.src.dir" value="test" />
    <property name="sun.awt.enableExtraMouseButtons" value="true" />
    <property name="org.openide.major.version" value="IDE/1" />
    <property name="libs.spring-framework300.javadoc" value="" />
    <property name="ap.proc.none.internal" value="" />
    <property name="org.openide.specification.version" value="6.2" />
    <property name="user.timezone" value="Europe/Stockholm" />
    <property name="jar.index" value="false" />
    <property name="libs.jpa20-persistence.classpath" value="/usr/local/netbeans-12.3/netbeans/java/modules/ext/eclipselink/javax.persistence-2.2.1.jar" />
    <property name="libs.eclipselinkmodelgen.javadoc" value="" />
    <property name="libs.junit_5.classpath" value="/usr/local/netbeans-12.3/netbeans/platform/modules/ext/junit-jupiter-api-5.6.0.jar:/usr/local/netbeans-12.3/netbeans/platform/modules/ext/junit-jupiter-params-5.6.0.jar:/usr/local/netbeans-12.3/netbeans/platform/modules/ext/junit-jupiter-engine-5.6.0.jar" />
    <property name="java.vm.specification.version" value="15" />
    <property name="javadoc.noindex" value="false" />
    <property name="javadoc.private" value="false" />
    <property name="libs.spring-webmvc4.0.maven-pom" value="" />
    <property name="libs.JAXB-ENDORSED.maven-pom" value="" />
    <property name="user.home" value="/home/kaj" />
    <property name="libs.eclipselinkmodelgen.maven-pom" value="" />
    <property name="have.sources" value="true" />
    <property name="annotation.processing.processors.list" value="" />
    <property name="javac.deprecation" value="false" />
    <property name="jlink.launcher" value="true" />
    <property name="build.generated.sources.dir" value="build/generated-sources" />
    <property name="plugin.manager.check.updates" value="false" />
    <property name="netbeans.autoupdate.language" value="en" />
    <property name="libs.eclipselinkmodelgen.src" value="" />
    <property name="build.compiler.emacs" value="true" />
    <property name="build.classes.excludes" value="**/*.java,**/*.form" />
    <property name="dist.jar" value="dist/CKLib.jar" />
    <property name="libs.spring-webmvc4.0.classpath" value="/usr/local/netbeans-12.3/netbeans/java/modules/ext/spring-4/spring-webmvc-4.3.29.RELEASE.jar" />
    <property name="modules.supported.internal" value="true" />
    <property name="libs.javaee-endorsed-api-7.0.javadoc" value="/usr/local/netbeans-12.3/netbeans/enterprise/docs/javaee-doc-api.jar" />
    <property name="os.version" value="5.4.0-66-generic" />
    <property name="netbeans.home" value="/usr/local/netbeans-12.3/netbeans/platform" />
    <property name="libs.CopyLibs.javadoc" value="" />
    <property name="debug-transport-by-os" value="dt_socket" />
    <property name="libs.jsf20.src" value="" />
    <property name="libs.javaee-api-8.0.javadoc" value="/usr/local/netbeans-12.3/netbeans/enterprise/docs/javaee-doc-api.jar" />
    <property name="java.vm.name" value="Java HotSpot(TM) 64-Bit Server VM" />
    <property name="unnamed.module.internal" value="true" />
    <property name="libs.jstl.javadoc" value="/usr/local/netbeans-12.3/netbeans/enterprise/docs/javaee-doc-api.jar" />
    <property name="libs.javaee-endorsed-api-7.0.maven-pom" value="" />
    <property name="libs.jaxws21.classpath" value="/usr/local/netbeans-12.3/netbeans/ide/modules/ext/jaxb/jaxb-impl.jar:/usr/local/netbeans-12.3/netbeans/ide/modules/ext/jaxb/jaxb-xjc.jar:/usr/local/netbeans-12.3/netbeans/java/modules/ext/jaxws22/FastInfoset.jar:/usr/local/netbeans-12.3/netbeans/java/modules/ext/jaxws22/gmbal-api-only.jar:/usr/local/netbeans-12.3/netbeans/java/modules/ext/jaxws22/ha-api.jar:/usr/local/netbeans-12.3/netbeans/java/modules/ext/jaxws22/javax.mail_1.4.jar:/usr/local/netbeans-12.3/netbeans/java/modules/ext/jaxws22/jaxws-rt.jar:/usr/local/netbeans-12.3/netbeans/java/modules/ext/jaxws22/jaxws-tools.jar:/usr/local/netbeans-12.3/netbeans/java/modules/ext/jaxws22/management-api.jar:/usr/local/netbeans-12.3/netbeans/java/modules/ext/jaxws22/mimepull.jar:/usr/local/netbeans-12.3/netbeans/java/modules/ext/jaxws22/policy.jar:/usr/local/netbeans-12.3/netbeans/java/modules/ext/jaxws22/saaj-impl.jar:/usr/local/netbeans-12.3/netbeans/java/modules/ext/jaxws22/stax-ex.jar:/usr/local/netbeans-12.3/netbeans/java/modules/ext/jaxws22/stax2-api.jar:/usr/local/netbeans-12.3/netbeans/java/modules/ext/jaxws22/streambuffer.jar:/usr/local/netbeans-12.3/netbeans/java/modules/ext/jaxws22/woodstox-core-asl.jar:/usr/local/netbeans-12.3/netbeans/java/modules/ext/jaxws22/api/jaxws-api.jar:/usr/local/netbeans-12.3/netbeans/java/modules/ext/jaxws22/api/jsr181-api.jar:/usr/local/netbeans-12.3/netbeans/java/modules/ext/jaxws22/api/javax.annotation.jar:/usr/local/netbeans-12.3/netbeans/java/modules/ext/jaxws22/api/saaj-api.jar:/usr/local/netbeans-12.3/netbeans/ide/modules/ext/jaxb/activation.jar:/usr/local/netbeans-12.3/netbeans/ide/modules/ext/jaxb/api/jaxb-api.jar" />
    <property name="libs.restapi.classpath" value="/usr/local/netbeans-12.3/netbeans/enterprise/modules/ext/jaxrs-2.0/javax.ws.rs-api-2.0.jar" />
    <property name="os.arch" value="amd64" />
    <property name="build.generated.dir" value="build/generated" />
    <property name="libs.groovy-all.javadoc" value="" />
    <property name="libs.jakartaee-api-8.0.classpath" value="/usr/local/netbeans-12.3/netbeans/enterprise/modules/ext/jakarta.jakartaee-api-8.0.0.jar" />
    <property name="libs.javaee-web-api-7.0.javadoc" value="/usr/local/netbeans-12.3/netbeans/enterprise/docs/javaee-doc-api.jar" />
    <property name="libs.javaee-endorsed-api-6.0.src" value="" />
    <property name="libs.jsf12.maven-pom" value="" />
    <property name="libs.javaee-endorsed-api-7.0.classpath" value="/usr/local/netbeans-12.3/netbeans/enterprise/modules/ext/javaee7-endorsed/javax.annotation-api.jar:/usr/local/netbeans-12.3/netbeans/enterprise/modules/ext/javaee7-endorsed/javax.xml.soap-api.jar:/usr/local/netbeans-12.3/netbeans/enterprise/modules/ext/javaee7-endorsed/jaxb-api-osgi.jar:/usr/local/netbeans-12.3/netbeans/enterprise/modules/ext/javaee7-endorsed/jaxws-api.jar:/usr/local/netbeans-12.3/netbeans/enterprise/modules/ext/javaee7-endorsed/jsr181-api.jar" />
    <property name="org.netbeans.io.suspend" value="0" />
    <property name="libs.primefaces.maven-pom" value="" />
    <property name="ant.project.name" value="CKLib" />
    <property name="dist.javadoc.dir" value="dist/javadoc" />
    <property name="default.javac.target" value="15" />
    <property name="javac.fork" value="true" />
    <property name="libs.eclipselink.classpath" value="/usr/local/netbeans-12.3/netbeans/java/modules/ext/eclipselink/org.eclipse.persistence.core-2.7.7.jar:/usr/local/netbeans-12.3/netbeans/java/modules/ext/eclipselink/org.eclipse.persistence.asm-2.7.7.jar:/usr/local/netbeans-12.3/netbeans/java/modules/ext/eclipselink/org.eclipse.persistence.antlr-2.7.7.jar:/usr/local/netbeans-12.3/netbeans/java/modules/ext/eclipselink/org.eclipse.persistence.jpa-2.7.7.jar:/usr/local/netbeans-12.3/netbeans/java/modules/ext/eclipselink/org.eclipse.persistence.jpa.jpql-2.7.7.jar:/usr/local/netbeans-12.3/netbeans/java/modules/ext/eclipselink/org.eclipse.persistence.moxy-2.7.7.jar:/usr/local/netbeans-12.3/netbeans/java/modules/ext/eclipselink/javax.persistence-2.2.1.jar" />
    <property name="libs.struts.classpath" value="/usr/local/netbeans-12.3/netbeans/enterprise/modules/ext/struts/antlr-2.7.2.jar:/usr/local/netbeans-12.3/netbeans/enterprise/modules/ext/struts/bsf-2.3.0.jar:/usr/local/netbeans-12.3/netbeans/enterprise/modules/ext/struts/commons-beanutils-1.8.0.jar:/usr/local/netbeans-12.3/netbeans/enterprise/modules/ext/struts/commons-chain-1.2.jar:/usr/local/netbeans-12.3/netbeans/enterprise/modules/ext/struts/commons-digester-1.8.jar:/usr/local/netbeans-12.3/netbeans/enterprise/modules/ext/struts/commons-fileupload-1.1.1.jar:/usr/local/netbeans-12.3/netbeans/enterprise/modules/ext/struts/commons-io-1.1.jar:/usr/local/netbeans-12.3/netbeans/enterprise/modules/ext/struts/commons-logging-1.0.4.jar:/usr/local/netbeans-12.3/netbeans/enterprise/modules/ext/struts/commons-validator-1.3.1.jar:/usr/local/netbeans-12.3/netbeans/enterprise/modules/ext/struts/jstl-1.0.2.jar:/usr/local/netbeans-12.3/netbeans/enterprise/modules/ext/struts/oro-2.0.8.jar:/usr/local/netbeans-12.3/netbeans/enterprise/modules/ext/struts/standard-1.0.6.jar:/usr/local/netbeans-12.3/netbeans/enterprise/modules/ext/struts/struts-core-1.3.10.jar:/usr/local/netbeans-12.3/netbeans/enterprise/modules/ext/struts/struts-el-1.3.10.jar:/usr/local/netbeans-12.3/netbeans/enterprise/modules/ext/struts/struts-extras-1.3.10.jar:/usr/local/netbeans-12.3/netbeans/enterprise/modules/ext/struts/struts-faces-1.3.10.jar:/usr/local/netbeans-12.3/netbeans/enterprise/modules/ext/struts/struts-mailreader-dao-1.3.10.jar:/usr/local/netbeans-12.3/netbeans/enterprise/modules/ext/struts/struts-scripting-1.3.10.jar:/usr/local/netbeans-12.3/netbeans/enterprise/modules/ext/struts/struts-taglib-1.3.10.jar:/usr/local/netbeans-12.3/netbeans/enterprise/modules/ext/struts/struts-tiles-1.3.10.jar" />
    <property name="libs.PostgreSQLDriver.maven-pom" value="" />
    <property name="libs.absolutelayout.src" value="" />
    <property name="testng.mode" value="testng" />
    <property name="annotation.processing.enabled.in.editor" value="false" />
    <property name="java.vm.compressedOopsMode" value="Zero based" />
    <property name="netbeans.productversion" value="Apache NetBeans IDE 12.3" />
    <property name="mkdist.disabled" value="true" />
    <property name="libs.javaee-web-api-6.0.javadoc" value="/usr/local/netbeans-12.3/netbeans/enterprise/docs/javaee-doc-api.jar" />
    <property name="libs.javaee-api-7.0.maven-pom" value="" />
    <property name="libs.groovy-all.classpath" value="/usr/local/netbeans-12.3/netbeans/groovy/modules/ext/groovy.jar:/usr/local/netbeans-12.3/netbeans/groovy/modules/ext/groovy-ant.jar" />
    <property name="libs.absolutelayout.javadoc" value="" />
    <property name="module.build.classes.dir" value="build/classes" />
    <property name="annotation.processing.processor.options" value="" />
    <property name="libs.jaxb.maven-pom" value="" />
    <property name="libs.javaee-api-6.0.maven-pom" value="" />
    <property name="dist.dir" value="dist" />
    <property name="build.dir" value="build" />
    <property name="libs.graaljs.maven-pom" value="" />
    <property name="netbeans.autoupdate.variant" value="" />
    <property name="javadoc.version" value="false" />
    <property name="libs.metro.src" value="" />
    <property name="libs.metro.classpath" value="/usr/local/netbeans-12.3/netbeans/ide/modules/ext/jaxb/activation.jar:/usr/local/netbeans-12.3/netbeans/enterprise/modules/ext/metro/webservices-api.jar:/usr/local/netbeans-12.3/netbeans/enterprise/modules/ext/metro/webservices-extra-api.jar:/usr/local/netbeans-12.3/netbeans/enterprise/modules/ext/metro/webservices-extra.jar:/usr/local/netbeans-12.3/netbeans/enterprise/modules/ext/metro/webservices-rt.jar:/usr/local/netbeans-12.3/netbeans/enterprise/modules/ext/metro/webservices-tools.jar" />
    <property name="libs.CopyLibs.classpath" value="/usr/local/netbeans-12.3/netbeans/java/ant/extra/org-netbeans-modules-java-j2seproject-copylibstask.jar" />
    <property name="javadoc.html5" value="false" />
    <property name="javac.test.processorpath" value=":build/classes:/usr/local/netbeans-12.3/netbeans/platform/modules/ext/junit-4.13.1.jar:/usr/local/netbeans-12.3/netbeans/platform/modules/ext/hamcrest-core-1.3.jar" />
    <property name="libs.javaee-web-api-7.0.maven-pom" value="" />
    <property name="libs.javaee-web-api-8.0.maven-pom" value="" />
    <property name="netbeans.dirs" value="/usr/local/netbeans-12.3/netbeans/nb:/usr/local/netbeans-12.3/netbeans/ergonomics:/usr/local/netbeans-12.3/netbeans/ide:/usr/local/netbeans-12.3/netbeans/extide:/usr/local/netbeans-12.3/netbeans/java:/usr/local/netbeans-12.3/netbeans/apisupport:/usr/local/netbeans-12.3/netbeans/webcommon:/usr/local/netbeans-12.3/netbeans/websvccommon:/usr/local/netbeans-12.3/netbeans/enterprise:/usr/local/netbeans-12.3/netbeans/mobility:/usr/local/netbeans-12.3/netbeans/profiler:/usr/local/netbeans-12.3/netbeans/python:/usr/local/netbeans-12.3/netbeans/php:/usr/local/netbeans-12.3/netbeans/identity:/usr/local/netbeans-12.3/netbeans/harness:/usr/local/netbeans-12.3/netbeans/cnd:/usr/local/netbeans-12.3/netbeans/cndext:/usr/local/netbeans-12.3/netbeans/cpplite:/usr/local/netbeans-12.3/netbeans/dlight:/usr/local/netbeans-12.3/netbeans/groovy:/usr/local/netbeans-12.3/netbeans/extra:/usr/local/netbeans-12.3/netbeans/javacard:/usr/local/netbeans-12.3/netbeans/javafx:" />
    <property name="libs.hamcrest.maven-pom" value="" />
    <property name="javac.processorpath" value="" />
    <property name="libs.javaee-api-6.0.javadoc" value="/usr/local/netbeans-12.3/netbeans/enterprise/docs/javaee-doc-api.jar" />
    <property name="libs.JWSAntTasks.maven-pom" value="" />
    <property name="javac.upgrademodulepath" value="" />
    <property name="run.modulepath" value="" />
    <property name="apple.laf.useScreenMenuBar" value="true" />
    <property name="sun.java.launcher" value="SUN_STANDARD" />
    <property name="user.country" value="US" />
    <property name="libs.restapi.javadoc" value="" />
    <property name="libs.jpa20-persistence.src" value="" />
    <property name="endorsed.classpath" value="" />
    <property name="javac.test.sourcepath" value="/home/kaj/NetBeansProjects/CrosskeyCodeTest/CKLib/build/empty" />
    <property name="libs.spring-webmvc3.0.maven-pom" value="" />
    <property name="includes" value="**" />
    <property name="libs.jsf12.javadoc" value="/usr/local/netbeans-12.3/netbeans/enterprise/docs/javaee-doc-api.jar" />
    <property name="libs.hamcrest.classpath" value="/usr/local/netbeans-12.3/netbeans/platform/modules/ext/hamcrest-core-1.3.jar" />
    <property name="javadoc.splitindex" value="true" />
    <property name="libs.JWSAntTasks.classpath" value="/usr/local/netbeans-12.3/netbeans/java/ant/extra/org-netbeans-modules-javawebstart-anttasks.jar" />
    <property name="junit.available" value="true" />
    <property name="javac.processormodulepath" value="" />
    <property name="javadoc.encoding" value="UTF-8" />
    <property name="libs.jstl.src" value="" />
    <property name="netbeans.hash.code" value="unique=NB_EXTIDE_JAVA_PHP_WEBCOMMON_WEBEE00797d233-fd74-44b3-a94b-704eaf5133c4_a77c0e55-173e-4656-90b8-c4892b800cfb" />
    <property name="libs.jsp-compilation-syscp.maven-pom" value="" />
    <property name="jlink.strip" value="false" />
    <property name="libs.spring-webmvc3.0.classpath" value="/usr/local/netbeans-12.3/netbeans/java/modules/ext/spring-3.0/spring-webmvc-3.2.18.RELEASE.jar" />
    <property name="netbeans.running.environment" value="gnome" />
    <property name="java.runtime.name" value="Java(TM) SE Runtime Environment" />
    <property name="libs.jaxb.javadoc" value="/usr/local/netbeans-12.3/netbeans/ide/docs/jaxb-api-doc.jar" />
    <property name="libs.spring-framework500.maven-pom" value="" />
    <property name="run.jvmargs.ide" value="" />
    <property name="ant.core.lib" value="/usr/local/netbeans-12.3/netbeans/extide/ant/lib/ant.jar" />
    <property name="libs.jsp-compilation.maven-pom" value="" />
    <property name="javac.profile.cmd.line.arg" value="" />
    <property name="application.title" value="CKLib" />
    <property name="ignore.failing.tests" value="true" />
    <property name="javac.test.modulepath" value="" />
    <property name="libs.PostgreSQLDriver.javadoc" value="" />
    <property name="libs.jsp-compilation-syscp.classpath" value="/usr/local/netbeans-12.3/netbeans/extide/ant/lib/ant.jar:/usr/local/netbeans-12.3/netbeans/enterprise/modules/ext/servlet3.1-jsp2.3-api.jar:/usr/local/netbeans-12.3/netbeans/enterprise/modules/ext/glassfish-jspparser-4.0.jar:/usr/local/netbeans-12.3/netbeans/enterprise/modules/ext/jstl-impl.jar:/usr/local/netbeans-12.3/netbeans/enterprise/modules/ext/jsf-2_2/javax.faces.jar" />
    <property name="libs.jsp-compilation.classpath" value="/usr/local/netbeans-12.3/netbeans/extide/ant/lib/ant.jar:/usr/local/netbeans-12.3/netbeans/enterprise/modules/ext/servlet3.1-jsp2.3-api.jar:/usr/local/netbeans-12.3/netbeans/enterprise/modules/ext/glassfish-jspparser-4.0.jar:/usr/local/netbeans-12.3/netbeans/enterprise/modules/ext/jsf-2_2/javax.faces.jar:/usr/local/netbeans-12.3/netbeans/enterprise/modules/ext/jstl-api.jar:/usr/local/netbeans-12.3/netbeans/extide/ant/lib/ant-launcher.jar" />
    <property name="libs.javaee-api-6.0.classpath" value="/usr/local/netbeans-12.3/netbeans/enterprise/modules/ext/javaee-api-6.0.jar" />
    <property name="javac.includesfile.binary" value="/home/kaj/NetBeansProjects/CrosskeyCodeTest/CKLib/null1956449292" />
    <property name="libs.javaee-api-7.0.classpath" value="/usr/local/netbeans-12.3/netbeans/enterprise/modules/ext/javaee-api-7.0.jar" />
    <property name="libs.restapi.maven-pom" value="" />
    <property name="ant.file.type.CKLib-impl" value="file" />
    <property name="do.depend" value="false" />
    <property name="javadoc.preview" value="true" />
    <property name="sun.arch.data.model" value="64" />
    <property name="nb.show.statistics.ui" value="usageStatisticsEnabled" />
    <property name="libs.javaee-endorsed-api-7.0.src" value="" />
    <property name="sun.font.fontmanager" value="sun.awt.X11FontManager" />
    <property name="annotation.processing.enabled" value="true" />
    <property name="libs.junit_5.src" value="/usr/local/netbeans-12.3/netbeans/platform/docs/junit-jupiter-api-5.6.0-sources.jar:/usr/local/netbeans-12.3/netbeans/platform/docs/junit-jupiter-params-5.6.0-sources.jar:/usr/local/netbeans-12.3/netbeans/platform/docs/junit-jupiter-engine-5.6.0-sources.jar" />
    <property name="libs.jaxb.classpath" value="/usr/local/netbeans-12.3/netbeans/ide/modules/ext/jaxb/jaxb-impl.jar:/usr/local/netbeans-12.3/netbeans/ide/modules/ext/jaxb/jaxb-xjc.jar:/usr/local/netbeans-12.3/netbeans/ide/modules/ext/jaxb/activation.jar:/usr/local/netbeans-12.3/netbeans/ide/modules/ext/jaxb/api/jaxb-api.jar" />
    <property name="libs.javaee-api-8.0.classpath" value="/usr/local/netbeans-12.3/netbeans/enterprise/modules/ext/javaee-api-8.0.jar" />
    <property name="libs.CopyLibs.src" value="" />
    <property name="java.specification.vendor" value="Oracle Corporation" />
    <property name="javac.source" value="15" />
    <property name="java.version.date" value="2021-01-19" />
    <property name="java.home" value="/usr/lib/jvm/jdk-15.0.2" />
    <property name="work.dir" value="/home/kaj/NetBeansProjects/CrosskeyCodeTest/CKLib" />
    <property name="javac.test.compilerargs" value="" />
    <property name="jna.boot.library.name" value="jnidispatch-nb" />
    <property name="libs.PostgreSQLDriver.classpath" value="/usr/local/netbeans-12.3/netbeans/ide/modules/ext/postgresql-42.2.16.jar" />
    <property name="libs.graaljs.javadoc" value="" />
    <property name="libs.spring-webmvc3.0.javadoc" value="" />
    <property name="libs.JAXB-ENDORSED.src" value="" />
    <property name="manifest.encoding" value="UTF-8" />
    <property name="sun.management.compiler" value="HotSpot 64-Bit Tiered Compilers" />
    <property name="libs.spring-framework400.src" value="" />
    <property name="run.test.modulepath" value="" />
    <property name="libs.graaljs.classpath" value="/usr/local/netbeans-12.3/netbeans/webcommon/modules/ext/js-20.2.0.jar:/usr/local/netbeans-12.3/netbeans/webcommon/modules/ext/js-launcher-20.2.0.jar:/usr/local/netbeans-12.3/netbeans/webcommon/modules/ext/regex-20.2.0.jar:/usr/local/netbeans-12.3/netbeans/webcommon/modules/ext/icu4j-67.1.jar:/usr/local/netbeans-12.3/netbeans/ide/modules/ext/graal-sdk-20.2.0.jar:/usr/local/netbeans-12.3/netbeans/ide/modules/ext/launcher-common-20.2.0.jar:/usr/local/netbeans-12.3/netbeans/ide/modules/ext/truffle-api-20.2.0.jar" />
    <property name="libs.javaee-web-api-6.0.classpath" value="/usr/local/netbeans-12.3/netbeans/enterprise/modules/ext/javaee-web-api-6.0.jar" />
    <property name="libs.jsp-compiler.javadoc" value="" />
    <property name="debug.test.modulepath" value="" />
    <property name="libs.javaee-web-api-7.0.classpath" value="/usr/local/netbeans-12.3/netbeans/enterprise/modules/ext/javaee-web-api-7.0.jar" />
    <property name="file.encoding" value="UTF-8" />
    <property name="java.util.logging.config.class" value="org.netbeans.core.startup.TopLogging" />
    <property name="https.nonProxyHosts" value="localhost|127.0.0.1|fractal" />
    <property name="libs.restlib.javadoc" value="" />
    <property name="libs.absolutelayout.classpath" value="/usr/local/netbeans-12.3/netbeans/java/modules/ext/AbsoluteLayout.jar" />
    <property name="do.archive" value="true" />
    <property name="libs.struts.maven-pom" value="" />
    <property name="built-jar.properties" value="/home/kaj/NetBeansProjects/CrosskeyCodeTest/CKLib/build/built-jar.properties" />
    <property name="nb.native.filechooser" value="false" />
    <property name="libs.testng.src" value="" />
    <property name="platform.active" value="default_platform" />
    <property name="libs.javaee-web-api-8.0.classpath" value="/usr/local/netbeans-12.3/netbeans/enterprise/modules/ext/javaee-web-api-8.0.jar" />
    <property name="sun.io.unicode.encoding" value="UnicodeLittle" />
    <property name="libs.struts.javadoc" value="/usr/local/netbeans-12.3/netbeans/enterprise/docs/struts-1.3.10-javadoc.zip" />
    <property name="default.javac.source" value="15" />
    <property name="netbeans.dynamic.classpath" value="/usr/local/netbeans-12.3/netbeans/platform/core/core.jar:/usr/local/netbeans-12.3/netbeans/platform/core/asm-8.0.1.jar:/usr/local/netbeans-12.3/netbeans/platform/core/org-netbeans-libs-asm.jar:/usr/local/netbeans-12.3/netbeans/platform/core/asm-tree-8.0.1.jar:/usr/local/netbeans-12.3/netbeans/platform/core/org-openide-filesystems.jar:/usr/local/netbeans-12.3/netbeans/platform/core/org-openide-filesystems-compat8.jar:/usr/local/netbeans-12.3/netbeans/platform/core/asm-commons-8.0.1.jar:/usr/local/netbeans-12.3/netbeans/platform/core/core-base.jar:/usr/local/netbeans-12.3/netbeans/nb/core/org-netbeans-upgrader.jar:/usr/local/netbeans-12.3/netbeans/nb/core/locale/core_nb.jar" />
    <property name="libs.javaee-web-api-8.0.javadoc" value="/usr/local/netbeans-12.3/netbeans/enterprise/docs/javaee-doc-api.jar" />
    <property name="libs.eclipselinkmodelgen.classpath" value="/usr/local/netbeans-12.3/netbeans/java/modules/ext/eclipselink/org.eclipse.persistence.jpa.modelgen.processor-2.7.7.jar" />
    <property name="javac.systemmodulepath.cmd.line.arg" value="" />
    <property name="netbeans.buildnumber" value="12.3-c3d4f6fa6c956cf1b5a35e8da4f44a96ab76f6a9" />
    <property name="endorsed.classpath.cmd.line.arg" value="" />
    <property name="libs.jpa20-persistence.maven-pom" value="" />
    <property name="os.name" value="Linux" />
    <property name="libs.CopyLibs.maven-pom" value="" />
    <property name="build.sysclasspath" value="ignore" />
    <property name="libs.jakartaee-api-8.0.maven-pom" value="" />
    <property name="jdkBug6558476" value="false" />
    <property name="http.nonProxyHosts" value="localhost|127.0.0.1|fractal" />
    <property name="javadoc.author" value="false" />
    <property name="libs.jsp-compilation-syscp.javadoc" value="" />
    <property name="source.encoding" value="UTF-8" />
    <property name="jar.compress" value="false" />
    <property name="libs.javaee-api-7.0.javadoc" value="/usr/local/netbeans-12.3/netbeans/enterprise/docs/javaee-doc-api.jar" />
    <property name="libs.spring-webmvc5.0.src" value="" />
    <property name="libs.jsf20.maven-pom" value="" />
    <property name="libs.restlib.classpath" value="/usr/local/netbeans-12.3/netbeans/enterprise/modules/ext/jersey2/ext/asm-all-repackaged-2.2.0-b21.jar:/usr/local/netbeans-12.3/netbeans/enterprise/modules/ext/jersey2/ext/cglib-2.2.0-b21.jar:/usr/local/netbeans-12.3/netbeans/enterprise/modules/ext/jersey2/ext/guava-14.0.1.jar:/usr/local/netbeans-12.3/netbeans/enterprise/modules/ext/jersey2/ext/hk2-api-2.2.0-b21.jar:/usr/local/netbeans-12.3/netbeans/enterprise/modules/ext/jersey2/ext/hk2-locator-2.2.0-b21.jar:/usr/local/netbeans-12.3/netbeans/enterprise/modules/ext/jersey2/ext/hk2-utils-2.2.0-b21.jar:/usr/local/netbeans-12.3/netbeans/enterprise/modules/ext/jersey2/ext/javax.annotation-api-1.2.jar:/usr/local/netbeans-12.3/netbeans/enterprise/modules/ext/jersey2/ext/javax.inject-2.2.0-b21.jar:/usr/local/netbeans-12.3/netbeans/enterprise/modules/ext/jersey2/ext/javax.servlet-api-3.0.1.jar:/usr/local/netbeans-12.3/netbeans/enterprise/modules/ext/jersey2/ext/jaxb-api-2.2.7.jar:/usr/local/netbeans-12.3/netbeans/enterprise/modules/ext/jersey2/ext/jersey-entity-filtering-2.5.1.jar:/usr/local/netbeans-12.3/netbeans/enterprise/modules/ext/jersey2/ext/jersey-media-moxy-2.5.1.jar:/usr/local/netbeans-12.3/netbeans/enterprise/modules/ext/jersey2/ext/org.osgi.core-4.2.0.jar:/usr/local/netbeans-12.3/netbeans/enterprise/modules/ext/jersey2/ext/osgi-resource-locator-1.0.1.jar:/usr/local/netbeans-12.3/netbeans/enterprise/modules/ext/jersey2/ext/persistence-api-1.0.jar:/usr/local/netbeans-12.3/netbeans/enterprise/modules/ext/jersey2/ext/validation-api-1.1.0.Final.jar:/usr/local/netbeans-12.3/netbeans/enterprise/modules/ext/jersey2/jersey-client.jar:/usr/local/netbeans-12.3/netbeans/enterprise/modules/ext/jersey2/jersey-common.jar:/usr/local/netbeans-12.3/netbeans/enterprise/modules/ext/jersey2/jersey-container-servlet.jar:/usr/local/netbeans-12.3/netbeans/enterprise/modules/ext/jersey2/jersey-container-servlet-core.jar:/usr/local/netbeans-12.3/netbeans/enterprise/modules/ext/jersey2/jersey-server.jar:/usr/local/netbeans-12.3/netbeans/java/modules/ext/eclipselink/org.eclipse.persistence.core-2.7.7.jar:/usr/local/netbeans-12.3/netbeans/java/modules/ext/eclipselink/org.eclipse.persistence.asm-2.7.7.jar:/usr/local/netbeans-12.3/netbeans/java/modules/ext/eclipselink/org.eclipse.persistence.antlr-2.7.7.jar:/usr/local/netbeans-12.3/netbeans/java/modules/ext/eclipselink/org.eclipse.persistence.jpa-2.7.7.jar:/usr/local/netbeans-12.3/netbeans/java/modules/ext/eclipselink/org.eclipse.persistence.jpa.jpql-2.7.7.jar:/usr/local/netbeans-12.3/netbeans/java/modules/ext/eclipselink/org.eclipse.persistence.moxy-2.7.7.jar" />
    <property name="libs.jakartaee-web-api-8.0.javadoc" value="/usr/local/netbeans-12.3/netbeans/enterprise/docs/jakartaee8-doc-api.jar" />
    <property name="apple.awt.graphics.UseQuartz" value="true" />
    <property name="libs.graaljs.src" value="" />
    <property name="run.jvmargs" value="" />
    <property name="libs.primefaces.src" value="" />
    <property name="ant.file" value="/home/kaj/NetBeansProjects/CrosskeyCodeTest/CKLib/build.xml" />
    <property name="libs.struts.src" value="" />
    <property name="path.separator" value=":" />
    <property name="libs.JAXB-ENDORSED.classpath" value="/usr/local/netbeans-12.3/netbeans/ide/modules/ext/jaxb/api/jaxb-api.jar" />
    <property name="libs.restlib.src" value="" />
    <property name="build.test.results.dir" value="build/test/results" />
    <property name="libs.jaxws21.javadoc" value="/usr/local/netbeans-12.3/netbeans/java/docs/jaxws-api-doc.zip" />
    <property name="libs.spring-framework400.maven-pom" value="" />
    <property name="libs.javaee-endorsed-api-6.0.javadoc" value="/usr/local/netbeans-12.3/netbeans/enterprise/docs/javaee-doc-api.jar" />
    <property name="ap.processors.internal" value="" />
    <property name="module.name" value="" />
    <property name="libs.jsf12.classpath" value="/usr/local/netbeans-12.3/netbeans/enterprise/modules/ext/jsf-1_2/jsf-api.jar:/usr/local/netbeans-12.3/netbeans/enterprise/modules/ext/jsf-1_2/jsf-impl.jar" />
    <property name="libs.spring-webmvc5.0.javadoc" value="" />
    <property name="libs.hamcrest.javadoc" value="" />
    <property name="libs.spring-framework400.javadoc" value="" />
    <property name="do.jar" value="true" />
    <property name="java.vm.info" value="mixed mode, sharing" />
    <property name="libs.primefaces.classpath" value="/usr/local/netbeans-12.3/netbeans/enterprise/modules/ext/primefaces/primefaces-5.0.jar" />
    <property name="libs.jaxws21.maven-pom" value="" />
    <property name="run.test.classpath" value=":build/classes:/usr/local/netbeans-12.3/netbeans/platform/modules/ext/junit-4.13.1.jar:/usr/local/netbeans-12.3/netbeans/platform/modules/ext/hamcrest-core-1.3.jar:build/test/classes" />
    <property name="dist.jlink.output" value="dist/jlink/CKLib" />
    <property name="java.class.version" value="59.0" />
    <property name="javadoc.encoding.used" value="UTF-8" />
    <property name="src.dir" value="src" />
    <property name="ant.project.default-target" value="default" />
    <property name="debug.classpath" value=":build/classes" />
    <property name="excludes" value="" />
    <property name="libs.javaee-api-7.0.src" value="" />
    <property name="run.test.jvmargs" value="" />
    <property name="libs.junit_4.javadoc" value="/usr/local/netbeans-12.3/netbeans/platform/docs/junit-4.13.1-javadoc.jar" />
    <property name="sun.jnu.encoding" value="UTF-8" />
    <property name="libs.spring-webmvc4.0.src" value="" />
    <property name="sun.java2d.dpiaware" value="true" />
    <property name="libs.jsf20.javadoc" value="/usr/local/netbeans-12.3/netbeans/enterprise/docs/javaee-doc-api.jar" />
    <property name="netbeans.importclass" value="org.netbeans.upgrade.AutoUpgrade" />
    <property name="netbeans.autoupdate.version" value="1.23" />
    <property name="empty.dir" value="/home/kaj/NetBeansProjects/CrosskeyCodeTest/CKLib/build/empty" />
    <property name="netbeans.user" value="/home/kaj/.netbeans/12.3" />
    <property name="javac.includes.binary" value="/home/kaj/NetBeansProjects/CrosskeyCodeTest/CKLib/build/test/classes/org/me/CKLib/MyMathsTest.class" />
    <property name="file.separator" value="/" />
    <property name="line.separator" value="&#xa;" />
    <property name="javadoc.additionalparam" value="" />
    <property name="libs.spring-webmvc5.0.classpath" value="/usr/local/netbeans-12.3/netbeans/java/modules/ext/spring-5/spring-webmvc-5.2.9.RELEASE.jar" />
    <property name="libs.restlib.maven-pom" value="" />
    <property name="javac.debug" value="true" />
    <property name="libs.testng.classpath" value="/usr/local/netbeans-12.3/netbeans/platform/modules/ext/testng-6.14.3.jar:/usr/local/netbeans-12.3/netbeans/platform/modules/ext/jcommander-1.78.jar" />
    <property name="libs.jsp-compiler.src" value="" />
    <property name="user.name" value="kaj" />
    <property name="build.classes.dir" value="build/classes" />
    <property name="nb.junit.single" value="false" />
    <property name="javadoc.windowtitle" value="" />
    <property name="nb.internal.action.name" value="test.single" />
    <property name="libs.javaee-api-8.0.maven-pom" value="" />
    <property name="libs.jaxws21.src" value="" />
    <property name="jna.loaded" value="true" />
    <property name="ant.file.type.CKLib" value="file" />
    <property name="libs.junit_5.maven-pom" value="" />
    <property name="libs.jpa20-persistence.javadoc" value="/usr/local/netbeans-12.3/netbeans/java/modules/ext/docs/javax.persistence-2.2.1-doc.zip" />
    <property name="ant.junit.enabletestlistenerevents" value="true" />
    <property name="libs.JWSAntTasks.src" value="" />
    <property name="libs.spring-webmvc3.0.src" value="" />
    <property name="ant.home" value="/usr/local/netbeans-12.3/netbeans/extide/ant" />
    <property name="debug.test.classpath" value=":build/classes:/usr/local/netbeans-12.3/netbeans/platform/modules/ext/junit-4.13.1.jar:/usr/local/netbeans-12.3/netbeans/platform/modules/ext/hamcrest-core-1.3.jar:build/test/classes" />
    <property name="javac.external.vm" value="true" />
    <property name="have.tests" value="true" />
    <property name="testng.debug.mode" value="" />
    <property name="javac.target" value="15" />
    <property name="ant.version" value="Apache Ant(TM) version 1.10.8 compiled on May 10 2020" />
    <property name="libs.absolutelayout.maven-pom" value="" />
    <property name="jdk.gtk.version" value="2.2" />
    <property name="java.failonerror" value="true" />
    <property name="javac.modulepath" value="" />
    <property name="libs.spring-framework500.src" value="" />
    <property name="user.properties.file" value="/home/kaj/.netbeans/12.3/build.properties" />
    <property name="libs.javaee-api-6.0.src" value="" />
    <property name="javac.includes" value="org/me/CKLib/MyMathsTest.java" />
    <property name="netbeans.autoupdate.country" value="US" />
    <property name="java.class.path" value="/home/kaj/NetBeansProjects/CrosskeyCodeTest/CKLib/build/classes:/usr/local/netbeans-12.3/netbeans/platform/modules/ext/junit-4.13.1.jar:/usr/local/netbeans-12.3/netbeans/platform/modules/ext/hamcrest-core-1.3.jar:/home/kaj/NetBeansProjects/CrosskeyCodeTest/CKLib/build/test/classes:/usr/local/netbeans-12.3/netbeans/extide/ant/lib/ant-launcher.jar:/usr/local/netbeans-12.3/netbeans/extide/ant/lib/ant.jar:/usr/local/netbeans-12.3/netbeans/extide/ant/lib/ant-junit.jar:/usr/local/netbeans-12.3/netbeans/extide/ant/lib/ant-junit4.jar" />
    <property name="libs.javaee-web-api-6.0.maven-pom" value="" />
    <property name="java.vm.vendor" value="Oracle Corporation" />
    <property name="ap.supported.internal" value="true" />
    <property name="netbeans.home+have.tests" value="true" />
    <property name="test.binaryexcludes" value="" />
    <property name="javac.compilerargs" value="" />
    <property name="libs.jstl.maven-pom" value="" />
    <property name="libs.jakartaee-web-api-8.0.src" value="" />
    <property name="sun.cpu.endian" value="little" />
    <property name="libs.junit_4.src" value="/usr/local/netbeans-12.3/netbeans/platform/docs/junit-4.13.1-sources.jar" />
    <property name="user.language" value="en" />
    <property name="copylibs.rebase" value="true" />
    <property name="libs.javaee-web-api-6.0.src" value="" />
    <property name="maven.defaultProjectBuilder.disableGlobalModelCache" value="true" />
    <property name="javadoc.nonavbar" value="false" />
    <property name="libs.javaee-api-8.0.src" value="" />
    <property name="ant.java.version" value="15" />
    <property name="libs.junit_4.classpath" value="/usr/local/netbeans-12.3/netbeans/platform/modules/ext/junit-4.13.1.jar" />
    <property name="jlink.launcher.name" value="CKLib" />
    <property name="test.binarytestincludes" value="" />
    <property name="libs.junit_4.maven-pom" value="" />
    <property name="libs.spring-webmvc5.0.maven-pom" value="" />
    <property name="libs.jsp-compiler.maven-pom" value="" />
    <property name="runtime.encoding" value="UTF-8" />
    <property name="jlink.additionalmodules" value="" />
    <property name="libs.jakartaee-web-api-8.0.classpath" value="/usr/local/netbeans-12.3/netbeans/enterprise/modules/ext/jakarta.jakartaee-web-api-8.0.0.jar" />
    <property name="javac.classpath" value="" />
    <property name="dist.jlink.dir" value="dist/jlink" />
    <property name="nb.junit.batch" value="true" />
    <property name="build.test.classes.dir" value="build/test/classes" />
    <property name="libs.spring-framework300.maven-pom" value="" />
    <property name="ant.project.invoked-targets" value="test-single" />
    <property name="libs.jstl.classpath" value="/usr/local/netbeans-12.3/netbeans/enterprise/modules/ext/jstl-impl.jar:/usr/local/netbeans-12.3/netbeans/enterprise/modules/ext/jstl-api.jar" />
    <property name="ap.cmd.line.internal" value="" />
    <property name="jna.platform.library.path" value="/usr/lib/x86_64-linux-gnu:/lib/x86_64-linux-gnu:/usr/lib64:/lib64:/usr/lib:/lib:/usr/lib/x86_64-linux-gnu/libfakeroot" />
    <property name="libs.PostgreSQLDriver.src" value="" />
    <property name="java.vendor.url.bug" value="https://bugreport.java.com/bugreport/" />
    <property name="annotation.processing.source.output" value="build/generated-sources/ap-source-output" />
    <property name="user.dir" value="/home/kaj/NetBeansProjects/CrosskeyCodeTest/CKLib" />
    <property name="libs.javaee-endorsed-api-6.0.maven-pom" value="" />
    <property name="platform.java" value="/usr/lib/jvm/jdk-15.0.2/bin/java" />
    <property name="application.args" value="" />
    <property name="org.xml.sax.driver" value="com.sun.org.apache.xerces.internal.jaxp.SAXParserImpl$JAXPSAXParser" />
    <property name="libs.jakartaee-web-api-8.0.maven-pom" value="" />
    <property name="libs.eclipselink.src" value="" />
    <property name="java.vm.version" value="15.0.2+7-27" />
    <property name="libs.metro.javadoc" value="/usr/local/netbeans-12.3/netbeans/enterprise/docs/webservices-api-javadoc.jar:/usr/local/netbeans-12.3/netbeans/enterprise/docs/webservices-extra-javadoc.jar:/usr/local/netbeans-12.3/netbeans/enterprise/docs/webservices-extra-api-javadoc.jar:/usr/local/netbeans-12.3/netbeans/enterprise/docs/webservices-rt-javadoc.jar:/usr/local/netbeans-12.3/netbeans/enterprise/docs/webservices-tools-javadoc.jar" />
    <property name="sun.awt.datatransfer.timeout" value="1000" />
    <property name="test.class" value="org.me.CKLib.MyMathsTest" />
    <property name="libs.jakartaee-api-8.0.src" value="" />
    <property name="junit.forkmode" value="perTest" />
    <property name="libs.javaee-web-api-7.0.src" value="" />
    <property name="libs.jsp-compiler.classpath" value="/usr/local/netbeans-12.3/netbeans/enterprise/ant/extra/jspcompile.jar" />
    <property name="annotation.processing.run.all.processors" value="true" />
    <property name="libs.javaee-endorsed-api-6.0.classpath" value="/usr/local/netbeans-12.3/netbeans/enterprise/modules/ext/javaee6-endorsed/javax.annotation.jar:/usr/local/netbeans-12.3/netbeans/enterprise/modules/ext/javaee6-endorsed/jaxb-api-osgi.jar:/usr/local/netbeans-12.3/netbeans/enterprise/modules/ext/javaee6-endorsed/webservices-api-osgi.jar" />
  </properties>
  <testcase classname="org.me.CKLib.MyMathsTest" name="testAbs" time="0.001" />
  <testcase classname="org.me.CKLib.MyMathsTest" name="testFloor" time="0.0" />
  <testcase classname="org.me.CKLib.MyMathsTest" name="testPower" time="0.0" />
  <testcase classname="org.me.CKLib.MyMathsTest" name="testRound" time="0.0" />
  <testcase classname="org.me.CKLib.MyMathsTest" name="testCeil" time="0.0" />
  <testcase classname="org.me.CKLib.MyMathsTest" name="testFindRoot" time="0.0" />
  <testcase classname="org.me.CKLib.MyMathsTest" name="testMonthlyInterestRate" time="0.0" />
  <system-out><![CDATA[abs
floor
power
round
ceil
findRoot
monthlyInterestRate
]]></system-out>
  <system-err><![CDATA[]]></system-err>
</testsuite>
